#-----------------------------------------------------------
# Vivado v2015.4 (64-bit)
# SW Build 1412921 on Wed Nov 18 09:43:45 MST 2015
# IP Build 1412160 on Tue Nov 17 13:47:24 MST 2015
# Start of session at: Fri Nov 22 19:43:47 2024
# Process ID: 28884
# Current directory: C:/Users/Dr804t/Documents/CPE222/pong_4
# Command line: vivado.exe -gui_launcher_event rodinguilauncherevent5512 C:\Users\Dr804t\Documents\CPE222\pong_4\Pong.xpr
# Log file: C:/Users/Dr804t/Documents/CPE222/pong_4/vivado.log
# Journal file: C:/Users/Dr804t/Documents/CPE222/pong_4\vivado.jou
#-----------------------------------------------------------
start_gui
open_project C:/Users/Dr804t/Documents/CPE222/pong_4/Pong.xpr
Scanning sources...
Finished scanning sources
INFO: [IP_Flow 19-234] Refreshing IP repositories
INFO: [IP_Flow 19-1704] No user IP repositories specified
INFO: [IP_Flow 19-2313] Loaded Vivado IP repository 'C:/Xilinx/Vivado/2015.4/data/ip'.
open_project: Time (s): cpu = 00:00:09 ; elapsed = 00:00:09 . Memory (MB): peak = 825.625 ; gain = 128.438
exit
INFO: [Common 17-206] Exiting Vivado at Fri Nov 22 20:00:21 2024...
