#-----------------------------------------------------------
# Vivado v2015.4 (64-bit)
# SW Build 1412921 on Wed Nov 18 09:43:45 MST 2015
# IP Build 1412160 on Tue Nov 17 13:47:24 MST 2015
# Start of session at: Tue Nov 28 19:30:09 2023
# Process ID: 27220
# Current directory: C:/Users/Dr804t/Documents/CPE222/Pong
# Command line: vivado.exe -gui_launcher_event rodinguilauncherevent23700 C:\Users\Dr804t\Documents\CPE222\Pong\Pong.xpr
# Log file: C:/Users/Dr804t/Documents/CPE222/Pong/vivado.log
# Journal file: C:/Users/Dr804t/Documents/CPE222/Pong\vivado.jou
#-----------------------------------------------------------
start_gui
open_project C:/Users/Dr804t/Documents/CPE222/Pong/Pong.xpr
Scanning sources...
Finished scanning sources
INFO: [IP_Flow 19-234] Refreshing IP repositories
INFO: [IP_Flow 19-1704] No user IP repositories specified
INFO: [IP_Flow 19-2313] Loaded Vivado IP repository 'C:/Xilinx/Vivado/2015.4/data/ip'.
exit
INFO: [Common 17-206] Exiting Vivado at Tue Nov 28 19:30:48 2023...
