Vivado Simulator 2015.4
Copyright 1986-1999, 2001-2015 Xilinx, Inc. All Rights Reserved.
Running: C:/Xilinx/Vivado/2015.4/bin/unwrapped/win64.o/xelab.exe -wto a2892473a4b54e60a2679444667643fb --debug typical --relax --mt 2 -L xil_defaultlib -L unisims_ver -L secureip --snapshot Top_func_synth xil_defaultlib.Top xil_defaultlib.glbl -log elaborate.log 
Using 2 slave threads.
Starting static elaboration
Completed static elaboration
Starting simulation data flow analysis
Completed simulation data flow analysis
Time Resolution for simulation is 1ps
Compiling module unisims_ver.BUFG
Compiling module unisims_ver.IBUF
Compiling module unisims_ver.x_lut1_mux2
Compiling module unisims_ver.LUT1
Compiling module unisims_ver.x_lut3_mux4
Compiling module unisims_ver.x_lut3_mux4_reduced_0
Compiling module unisims_ver.LUT3
Compiling module unisims_ver.LUT4
Compiling module unisims_ver.sffsrce_fdre
Compiling module unisims_ver.FDRE
Compiling module unisims_ver.CARRY4
Compiling module unisims_ver.LUT6
Compiling module unisims_ver.LUT5
Compiling module xil_defaultlib.divider
Compiling module unisims_ver.OBUF
Compiling module unisims_ver.x_lut2_mux4
Compiling module unisims_ver.LUT2
Compiling module xil_defaultlib.test
Compiling module xil_defaultlib.Top
Compiling module xil_defaultlib.glbl
Built simulation snapshot Top_func_synth
